#
# There is insufficient memory for the Java Runtime Environment to continue.
# Native memory allocation (malloc) failed to allocate 2316656 bytes for Chunk::new
# Possible reasons:
#   The system is out of physical RAM or swap space
#   In 32 bit mode, the process size limit was hit
# Possible solutions:
#   Reduce memory load on the system
#   Increase physical memory or swap space
#   Check if swap backing store is full
#   Use 64 bit Java on a 64 bit OS
#   Decrease Java heap size (-Xmx/-Xms)
#   Decrease number of Java threads
#   Decrease Java thread stack sizes (-Xss)
#   Set larger code cache with -XX:ReservedCodeCacheSize=
# This output file may be truncated or incomplete.
#
#  Out of Memory Error (allocation.cpp:390), pid=15600, tid=15072
#
# JRE version: Java(TM) SE Runtime Environment (8.0_73-b02) (build 1.8.0_73-b02)
# Java VM: Java HotSpot(TM) 64-Bit Server VM (25.73-b02 mixed mode windows-amd64 compressed oops)
# Failed to write core dump. Minidumps are not enabled by default on client versions of Windows
#

---------------  T H R E A D  ---------------

Current thread (0x0000000013911000):  JavaThread "C2 CompilerThread0" daemon [_thread_in_native, id=15072, stack(0x0000000014e60000,0x0000000014f60000)]

Stack: [0x0000000014e60000,0x0000000014f60000]
[error occurred during error reporting (printing stack bounds), id 0xc0000005]

Native frames: (J=compiled Java code, j=interpreted, Vv=VM code, C=native code)


Current CompileTask:
C2:   5234 1661       4       java.net.URLClassLoader$1::run (5 bytes)


---------------  P R O C E S S  ---------------

Java Threads: ( => current thread )
  0x0000000014fbb000 JavaThread "Service Thread" daemon [_thread_blocked, id=11828, stack(0x0000000015560000,0x0000000015660000)]
  0x0000000014f7d800 JavaThread "C1 CompilerThread2" daemon [_thread_blocked, id=5576, stack(0x0000000015460000,0x0000000015560000)]
  0x0000000014f61800 JavaThread "C2 CompilerThread1" daemon [_thread_in_native, id=7784, stack(0x0000000015360000,0x0000000015460000)]
=>0x0000000013911000 JavaThread "C2 CompilerThread0" daemon [_thread_in_native, id=15072, stack(0x0000000014e60000,0x0000000014f60000)]
  0x000000001390f800 JavaThread "Attach Listener" daemon [_thread_blocked, id=16224, stack(0x0000000014d60000,0x0000000014e60000)]
  0x000000001390f000 JavaThread "Signal Dispatcher" daemon [_thread_blocked, id=15964, stack(0x0000000014c60000,0x0000000014d60000)]
  0x0000000002587800 JavaThread "Finalizer" daemon [_thread_blocked, id=7380, stack(0x0000000014b60000,0x0000000014c60000)]
  0x000000000257f800 JavaThread "Reference Handler" daemon [_thread_blocked, id=15448, stack(0x0000000014a60000,0x0000000014b60000)]
  0x000000000201e800 JavaThread "main" [_thread_in_native, id=16372, stack(0x0000000002390000,0x0000000002490000)]

Other Threads:
  0x00000000138c7800 VMThread [stack: 0x0000000014960000,0x0000000014a60000] [id=16120]
  0x0000000014ff7000 WatcherThread [stack: 0x0000000015660000,0x0000000015760000] [id=15756]

VM state:not at safepoint (normal execution)

VM Mutex/Monitor currently owned by a thread: None

Heap:
 PSYoungGen      total 35328K, used 22206K [0x00000000f5580000, 0x00000000f7a80000, 0x0000000100000000)
  eden space 32768K, 60% used [0x00000000f5580000,0x00000000f68b3900,0x00000000f7580000)
  from space 2560K, 99% used [0x00000000f7800000,0x00000000f7a7c060,0x00000000f7a80000)
  to   space 2560K, 0% used [0x00000000f7580000,0x00000000f7580000,0x00000000f7800000)
 ParOldGen       total 44032K, used 7519K [0x00000000e0000000, 0x00000000e2b00000, 0x00000000f5580000)
  object space 44032K, 17% used [0x00000000e0000000,0x00000000e0757f48,0x00000000e2b00000)
 Metaspace       used 16940K, capacity 17262K, committed 17664K, reserved 1064960K
  class space    used 2082K, capacity 2243K, committed 2304K, reserved 1048576K

Card table byte_map: [0x0000000011950000,0x0000000011a60000] byte_map_base: 0x0000000011250000

Marking Bits: (ParMarkBitMap*) 0x000000005e990600
 Begin Bits: [0x0000000011e60000, 0x0000000012660000)
 End Bits:   [0x0000000012660000, 0x0000000012e60000)

Polling page: 0x00000000006b0000

CodeCache: size=245760Kb used=6243Kb max_used=6243Kb free=239516Kb
 bounds [0x0000000002590000, 0x0000000002bb0000, 0x0000000011590000]
 total_blobs=2328 nmethods=1972 adapters=268
 compilation: enabled

Compilation events (10 events):
Event: 5.103 Thread 0x0000000014f7d800 1981       3       sun.util.calendar.CalendarDate::setTimeOfDay (6 bytes)
Event: 5.103 Thread 0x0000000014f7d800 nmethod 1981 0x0000000002ba6b50 code [0x0000000002ba6ca0, 0x0000000002ba6df0]
Event: 5.103 Thread 0x0000000014f7d800 1982       3       sun.security.x509.AlgorithmId::parse (100 bytes)
Event: 5.104 Thread 0x0000000014f7d800 nmethod 1982 0x0000000002ba6e50 code [0x0000000002ba70a0, 0x0000000002ba7f88]
Event: 5.123 Thread 0x0000000014f7d800 1983       1       java.lang.StringCoding$StringEncoder::requestedCharsetName (5 bytes)
Event: 5.124 Thread 0x0000000014f7d800 nmethod 1983 0x0000000002ba8590 code [0x0000000002ba86e0, 0x0000000002ba87f0]
Event: 5.124 Thread 0x0000000014f7d800 1984       3       sun.nio.cs.ext.DoubleByte$Encoder::encode (161 bytes)
Event: 5.125 Thread 0x0000000014f7d800 nmethod 1984 0x0000000002ba8850 code [0x0000000002ba8a20, 0x0000000002ba9270]
Event: 5.130 Thread 0x0000000014f7d800 1985       3       java.io.ExpiringCache::entryFor (57 bytes)
Event: 5.131 Thread 0x0000000014f7d800 nmethod 1985 0x0000000002ba9910 code [0x0000000002ba9aa0, 0x0000000002ba9ff8]

GC Heap History (8 events):
Event: 2.872 GC heap before
{Heap before GC invocations=1 (full 0):
 PSYoungGen      total 18944K, used 16384K [0x00000000f5580000, 0x00000000f6a80000, 0x0000000100000000)
  eden space 16384K, 100% used [0x00000000f5580000,0x00000000f6580000,0x00000000f6580000)
  from space 2560K, 0% used [0x00000000f6800000,0x00000000f6800000,0x00000000f6a80000)
  to   space 2560K, 0% used [0x00000000f6580000,0x00000000f6580000,0x00000000f6800000)
 ParOldGen       total 44032K, used 0K [0x00000000e0000000, 0x00000000e2b00000, 0x00000000f5580000)
  object space 44032K, 0% used [0x00000000e0000000,0x00000000e0000000,0x00000000e2b00000)
 Metaspace       used 7146K, capacity 7368K, committed 7680K, reserved 1056768K
  class space    used 863K, capacity 924K, committed 1024K, reserved 1048576K
Event: 2.879 GC heap after
Heap after GC invocations=1 (full 0):
 PSYoungGen      total 18944K, used 2559K [0x00000000f5580000, 0x00000000f6a80000, 0x0000000100000000)
  eden space 16384K, 0% used [0x00000000f5580000,0x00000000f5580000,0x00000000f6580000)
  from space 2560K, 99% used [0x00000000f6580000,0x00000000f67ffe58,0x00000000f6800000)
  to   space 2560K, 0% used [0x00000000f6800000,0x00000000f6800000,0x00000000f6a80000)
 ParOldGen       total 44032K, used 1450K [0x00000000e0000000, 0x00000000e2b00000, 0x00000000f5580000)
  object space 44032K, 3% used [0x00000000e0000000,0x00000000e016a948,0x00000000e2b00000)
 Metaspace       used 7146K, capacity 7368K, committed 7680K, reserved 1056768K
  class space    used 863K, capacity 924K, committed 1024K, reserved 1048576K
}
Event: 3.168 GC heap before
{Heap before GC invocations=2 (full 0):
 PSYoungGen      total 18944K, used 18943K [0x00000000f5580000, 0x00000000f6a80000, 0x0000000100000000)
  eden space 16384K, 100% used [0x00000000f5580000,0x00000000f6580000,0x00000000f6580000)
  from space 2560K, 99% used [0x00000000f6580000,0x00000000f67ffe58,0x00000000f6800000)
  to   space 2560K, 0% used [0x00000000f6800000,0x00000000f6800000,0x00000000f6a80000)
 ParOldGen       total 44032K, used 1450K [0x00000000e0000000, 0x00000000e2b00000, 0x00000000f5580000)
  object space 44032K, 3% used [0x00000000e0000000,0x00000000e016a948,0x00000000e2b00000)
 Metaspace       used 8048K, capacity 8296K, committed 8576K, reserved 1056768K
  class space    used 1006K, capacity 1084K, committed 1152K, reserved 1048576K
Event: 3.173 GC heap after
Heap after GC invocations=2 (full 0):
 PSYoungGen      total 18944K, used 2539K [0x00000000f5580000, 0x00000000f6a80000, 0x0000000100000000)
  eden space 16384K, 0% used [0x00000000f5580000,0x00000000f5580000,0x00000000f6580000)
  from space 2560K, 99% used [0x00000000f6800000,0x00000000f6a7afd0,0x00000000f6a80000)
  to   space 2560K, 0% used [0x00000000f6580000,0x00000000f6580000,0x00000000f6800000)
 ParOldGen       total 44032K, used 2065K [0x00000000e0000000, 0x00000000e2b00000, 0x00000000f5580000)
  object space 44032K, 4% used [0x00000000e0000000,0x00000000e02046b0,0x00000000e2b00000)
 Metaspace       used 8048K, capacity 8296K, committed 8576K, reserved 1056768K
  class space    used 1006K, capacity 1084K, committed 1152K, reserved 1048576K
}
Event: 3.459 GC heap before
{Heap before GC invocations=3 (full 0):
 PSYoungGen      total 18944K, used 18923K [0x00000000f5580000, 0x00000000f6a80000, 0x0000000100000000)
  eden space 16384K, 100% used [0x00000000f5580000,0x00000000f6580000,0x00000000f6580000)
  from space 2560K, 99% used [0x00000000f6800000,0x00000000f6a7afd0,0x00000000f6a80000)
  to   space 2560K, 0% used [0x00000000f6580000,0x00000000f6580000,0x00000000f6800000)
 ParOldGen       total 44032K, used 2065K [0x00000000e0000000, 0x00000000e2b00000, 0x00000000f5580000)
  object space 44032K, 4% used [0x00000000e0000000,0x00000000e02046b0,0x00000000e2b00000)
 Metaspace       used 10218K, capacity 10378K, committed 10624K, reserved 1058816K
  class space    used 1282K, capacity 1351K, committed 1408K, reserved 1048576K
Event: 3.465 GC heap after
Heap after GC invocations=3 (full 0):
 PSYoungGen      total 18944K, used 2544K [0x00000000f5580000, 0x00000000f7a80000, 0x0000000100000000)
  eden space 16384K, 0% used [0x00000000f5580000,0x00000000f5580000,0x00000000f6580000)
  from space 2560K, 99% used [0x00000000f6580000,0x00000000f67fc020,0x00000000f6800000)
  to   space 2560K, 0% used [0x00000000f7800000,0x00000000f7800000,0x00000000f7a80000)
 ParOldGen       total 44032K, used 4488K [0x00000000e0000000, 0x00000000e2b00000, 0x00000000f5580000)
  object space 44032K, 10% used [0x00000000e0000000,0x00000000e0462388,0x00000000e2b00000)
 Metaspace       used 10218K, capacity 10378K, committed 10624K, reserved 1058816K
  class space    used 1282K, capacity 1351K, committed 1408K, reserved 1048576K
}
Event: 3.898 GC heap before
{Heap before GC invocations=4 (full 0):
 PSYoungGen      total 18944K, used 18928K [0x00000000f5580000, 0x00000000f7a80000, 0x0000000100000000)
  eden space 16384K, 100% used [0x00000000f5580000,0x00000000f6580000,0x00000000f6580000)
  from space 2560K, 99% used [0x00000000f6580000,0x00000000f67fc020,0x00000000f6800000)
  to   space 2560K, 0% used [0x00000000f7800000,0x00000000f7800000,0x00000000f7a80000)
 ParOldGen       total 44032K, used 4488K [0x00000000e0000000, 0x00000000e2b00000, 0x00000000f5580000)
  object space 44032K, 10% used [0x00000000e0000000,0x00000000e0462388,0x00000000e2b00000)
 Metaspace       used 12481K, capacity 12704K, committed 13056K, reserved 1060864K
  class space    used 1591K, capacity 1674K, committed 1792K, reserved 1048576K
Event: 3.910 GC heap after
Heap after GC invocations=4 (full 0):
 PSYoungGen      total 35328K, used 2544K [0x00000000f5580000, 0x00000000f7a80000, 0x0000000100000000)
  eden space 32768K, 0% used [0x00000000f5580000,0x00000000f5580000,0x00000000f7580000)
  from space 2560K, 99% used [0x00000000f7800000,0x00000000f7a7c060,0x00000000f7a80000)
  to   space 2560K, 0% used [0x00000000f7580000,0x00000000f7580000,0x00000000f7800000)
 ParOldGen       total 44032K, used 7519K [0x00000000e0000000, 0x00000000e2b00000, 0x00000000f5580000)
  object space 44032K, 17% used [0x00000000e0000000,0x00000000e0757f48,0x00000000e2b00000)
 Metaspace       used 12481K, capacity 12704K, committed 13056K, reserved 1060864K
  class space    used 1591K, capacity 1674K, committed 1792K, reserved 1048576K
}

Deoptimization events (10 events):
Event: 4.338 Thread 0x000000000201e800 Uncommon trap: reason=unstable_if action=reinterpret pc=0x0000000002abcbf0 method=java.lang.reflect.AccessibleObject.setAccessible0(Ljava/lang/reflect/AccessibleObject;Z)V @ 4
Event: 4.360 Thread 0x000000000201e800 Uncommon trap: reason=unstable_if action=reinterpret pc=0x000000000283f63c method=java.util.HashMap.hash(Ljava/lang/Object;)I @ 1
Event: 4.360 Thread 0x000000000201e800 Uncommon trap: reason=unstable_if action=reinterpret pc=0x00000000028a164c method=java.util.HashMap.hash(Ljava/lang/Object;)I @ 1
Event: 4.676 Thread 0x000000000201e800 Uncommon trap: reason=unstable_if action=reinterpret pc=0x00000000028adf90 method=java.util.HashMap.putVal(ILjava/lang/Object;Ljava/lang/Object;ZZ)Ljava/lang/Object; @ 236
Event: 4.714 Thread 0x000000000201e800 Uncommon trap: reason=unstable_if action=reinterpret pc=0x000000000288cbfc method=java.lang.CharacterDataLatin1.isWhitespace(I)Z @ 14
Event: 4.837 Thread 0x000000000201e800 Uncommon trap: reason=bimorphic action=maybe_recompile pc=0x0000000002abd1d4 method=java.util.concurrent.ConcurrentHashMap.get(Ljava/lang/Object;)Ljava/lang/Object; @ 149
Event: 4.841 Thread 0x000000000201e800 Uncommon trap: reason=unstable_if action=reinterpret pc=0x0000000002ad60ac method=java.lang.reflect.Field.get(Ljava/lang/Object;)Ljava/lang/Object; @ 4
Event: 4.842 Thread 0x000000000201e800 Uncommon trap: reason=bimorphic action=maybe_recompile pc=0x0000000002abd1d4 method=java.util.concurrent.ConcurrentHashMap.get(Ljava/lang/Object;)Ljava/lang/Object; @ 149
Event: 4.843 Thread 0x000000000201e800 Uncommon trap: reason=bimorphic action=maybe_recompile pc=0x0000000002abd1d4 method=java.util.concurrent.ConcurrentHashMap.get(Ljava/lang/Object;)Ljava/lang/Object; @ 149
Event: 4.863 Thread 0x000000000201e800 Uncommon trap: reason=bimorphic action=maybe_recompile pc=0x0000000002abd1d4 method=java.util.concurrent.ConcurrentHashMap.get(Ljava/lang/Object;)Ljava/lang/Object; @ 149

Internal exceptions (10 events):
Event: 4.449 Thread 0x000000000201e800 Exception <a 'java/lang/NullPointerException'> (0x00000000f607d1d8) thrown at [D:\re\puppet\workspace\8-2-build-windows-amd64-cygwin\jdk8u73\6086\hotspot\src\share\vm\interpreter\linkResolver.cpp, line 1178]
Event: 4.456 Thread 0x000000000201e800 Exception <a 'java/lang/NullPointerException'> (0x00000000f60bc4c8) thrown at [D:\re\puppet\workspace\8-2-build-windows-amd64-cygwin\jdk8u73\6086\hotspot\src\share\vm\interpreter\linkResolver.cpp, line 1178]
Event: 4.456 Thread 0x000000000201e800 Exception <a 'java/lang/NullPointerException'> (0x00000000f60bc8c8) thrown at [D:\re\puppet\workspace\8-2-build-windows-amd64-cygwin\jdk8u73\6086\hotspot\src\share\vm\interpreter\linkResolver.cpp, line 1178]
Event: 4.456 Thread 0x000000000201e800 Exception <a 'java/lang/NullPointerException'> (0x00000000f60bccc8) thrown at [D:\re\puppet\workspace\8-2-build-windows-amd64-cygwin\jdk8u73\6086\hotspot\src\share\vm\interpreter\linkResolver.cpp, line 1178]
Event: 4.464 Thread 0x000000000201e800 Exception <a 'java/lang/NullPointerException'> (0x00000000f60dff68) thrown at [D:\re\puppet\workspace\8-2-build-windows-amd64-cygwin\jdk8u73\6086\hotspot\src\share\vm\interpreter\linkResolver.cpp, line 1178]
Event: 4.464 Thread 0x000000000201e800 Exception <a 'java/lang/NullPointerException'> (0x00000000f60e0368) thrown at [D:\re\puppet\workspace\8-2-build-windows-amd64-cygwin\jdk8u73\6086\hotspot\src\share\vm\interpreter\linkResolver.cpp, line 1178]
Event: 4.464 Thread 0x000000000201e800 Exception <a 'java/lang/NullPointerException'> (0x00000000f60e0768) thrown at [D:\re\puppet\workspace\8-2-build-windows-amd64-cygwin\jdk8u73\6086\hotspot\src\share\vm\interpreter\linkResolver.cpp, line 1178]
Event: 4.502 Thread 0x000000000201e800 Exception <a 'java/lang/NoClassDefFoundError': org/apache/log4j/Category> (0x00000000f62289e0) thrown at [D:\re\puppet\workspace\8-2-build-windows-amd64-cygwin\jdk8u73\6086\hotspot\src\share\vm\classfile\systemDictionary.cpp, line 199]
Event: 4.926 Thread 0x000000000201e800 Exception <a 'java/lang/NoSuchFieldError': method resolution failed> (0x00000000f641c2c8) thrown at [D:\re\puppet\workspace\8-2-build-windows-amd64-cygwin\jdk8u73\6086\hotspot\src\share\vm\prims\methodHandles.cpp, line 1146]
Event: 4.929 Thread 0x000000000201e800 Exception <a 'java/lang/NoSuchFieldError': method resolution failed> (0x00000000f642a128) thrown at [D:\re\puppet\workspace\8-2-build-windows-amd64-cygwin\jdk8u73\6086\hotspot\src\share\vm\prims\methodHandles.cpp, line 1146]

Events (10 events):
Event: 5.134 loading class java/net/Inet4Address
Event: 5.134 loading class java/net/Inet4Address done
Event: 5.135 loading class java/net/Inet6Address
Event: 5.135 loading class java/net/Inet6Address done
Event: 5.135 loading class java/net/Inet6Address$Inet6AddressHolder
Event: 5.136 loading class java/net/Inet6Address$Inet6AddressHolder done
Event: 5.136 loading class java/net/InterfaceAddress
Event: 5.136 loading class java/net/InterfaceAddress done
Event: 5.136 loading class java/net/DefaultInterface
Event: 5.136 loading class java/net/DefaultInterface done


Dynamic libraries:
0x00007ff660150000 - 0x00007ff660187000 	D:\111\java\jdk\bin\java.exe
0x00007fff8c350000 - 0x00007fff8c4fd000 	C:\WINDOWS\SYSTEM32\ntdll.dll
0x00007fff8bed0000 - 0x00007fff8c00e000 	C:\WINDOWS\system32\KERNEL32.DLL
0x00007fff89570000 - 0x00007fff89685000 	C:\WINDOWS\system32\KERNELBASE.dll
0x00007fff87e90000 - 0x00007fff87f1e000 	C:\WINDOWS\system32\apphelp.dll
0x00007fff838f0000 - 0x00007fff83943000 	C:\WINDOWS\AppPatch\AppPatch64\AcGenral.DLL
0x00007fff8a220000 - 0x00007fff8a2ca000 	C:\WINDOWS\system32\msvcrt.dll
0x00007fff89340000 - 0x00007fff8936e000 	C:\WINDOWS\SYSTEM32\SspiCli.dll
0x00007fff8be70000 - 0x00007fff8bec4000 	C:\WINDOWS\system32\SHLWAPI.dll
0x00007fff8a520000 - 0x00007fff8a697000 	C:\WINDOWS\system32\USER32.dll
0x00007fff8a2d0000 - 0x00007fff8a464000 	C:\WINDOWS\system32\ole32.dll
0x00007fff8a8d0000 - 0x00007fff8bdfa000 	C:\WINDOWS\system32\SHELL32.dll
0x00007fff88ac0000 - 0x00007fff88ae1000 	C:\WINDOWS\SYSTEM32\USERENV.dll
0x00007fff8a470000 - 0x00007fff8a51a000 	C:\WINDOWS\system32\ADVAPI32.dll
0x00007fff819c0000 - 0x00007fff819de000 	C:\WINDOWS\SYSTEM32\MPR.dll
0x00007fff8c140000 - 0x00007fff8c281000 	C:\WINDOWS\system32\RPCRT4.dll
0x00007fff8c0e0000 - 0x00007fff8c139000 	C:\WINDOWS\SYSTEM32\sechost.dll
0x00007fff899d0000 - 0x00007fff89be1000 	C:\WINDOWS\SYSTEM32\combase.dll
0x00007fff89ec0000 - 0x00007fff8a010000 	C:\WINDOWS\system32\GDI32.dll
0x00007fff894a0000 - 0x00007fff894b5000 	C:\WINDOWS\SYSTEM32\profapi.dll
0x00007fff875a0000 - 0x00007fff87652000 	C:\WINDOWS\SYSTEM32\SHCORE.dll
0x00007fff8a1c0000 - 0x00007fff8a1f6000 	C:\WINDOWS\system32\IMM32.DLL
0x00007fff8a6a0000 - 0x00007fff8a7f2000 	C:\WINDOWS\system32\MSCTF.dll
0x00007fff86f00000 - 0x00007fff8717b000 	C:\WINDOWS\WinSxS\amd64_microsoft.windows.common-controls_6595b64144ccf1df_6.0.9600.18006_none_623f33d3ecbe86e8\COMCTL32.dll
0x000000005ea10000 - 0x000000005eae2000 	D:\111\java\jdk\jre\bin\msvcr100.dll
0x000000005e180000 - 0x000000005ea10000 	D:\111\java\jdk\jre\bin\server\jvm.dll
0x00007fff81410000 - 0x00007fff81419000 	C:\WINDOWS\SYSTEM32\WSOCK32.dll
0x00007fff86110000 - 0x00007fff86132000 	C:\WINDOWS\SYSTEM32\WINMM.dll
0x00007fff80880000 - 0x00007fff8088a000 	C:\WINDOWS\SYSTEM32\VERSION.dll
0x00007fff8a800000 - 0x00007fff8a807000 	C:\WINDOWS\system32\PSAPI.DLL
0x00007fff8c2f0000 - 0x00007fff8c34a000 	C:\WINDOWS\system32\WS2_32.dll
0x00007fff84ee0000 - 0x00007fff84f0a000 	C:\WINDOWS\SYSTEM32\WINMMBASE.dll
0x00007fff8a200000 - 0x00007fff8a209000 	C:\WINDOWS\system32\NSI.dll
0x00007fff89690000 - 0x00007fff896df000 	C:\WINDOWS\SYSTEM32\cfgmgr32.dll
0x00007fff88290000 - 0x00007fff882b8000 	C:\WINDOWS\SYSTEM32\DEVOBJ.dll
0x000000005e170000 - 0x000000005e17f000 	D:\111\java\jdk\jre\bin\verify.dll
0x000000005e140000 - 0x000000005e169000 	D:\111\java\jdk\jre\bin\java.dll
0x000000005e120000 - 0x000000005e136000 	D:\111\java\jdk\jre\bin\zip.dll
0x000000005e100000 - 0x000000005e11a000 	D:\111\java\jdk\jre\bin\net.dll
0x00007fff88d80000 - 0x00007fff88dd9000 	C:\WINDOWS\system32\mswsock.dll
0x000000005e0e0000 - 0x000000005e0f1000 	D:\111\java\jdk\jre\bin\nio.dll
0x000000005e0b0000 - 0x000000005e0d4000 	D:\111\java\jdk\jre\bin\sunec.dll
0x00007fff88de0000 - 0x00007fff88e00000 	C:\WINDOWS\SYSTEM32\CRYPTSP.dll
0x00007fff889b0000 - 0x00007fff889e6000 	C:\WINDOWS\system32\rsaenh.dll
0x00007fff89030000 - 0x00007fff89056000 	C:\WINDOWS\SYSTEM32\bcrypt.dll
0x00007fff89370000 - 0x00007fff893d3000 	C:\WINDOWS\system32\bcryptprimitives.dll
0x00007fff893e0000 - 0x00007fff893eb000 	C:\WINDOWS\SYSTEM32\CRYPTBASE.dll
0x00007fff83210000 - 0x00007fff8323a000 	C:\WINDOWS\SYSTEM32\IPHLPAPI.DLL
0x00007fff831f0000 - 0x00007fff831fa000 	C:\WINDOWS\SYSTEM32\WINNSI.DLL

VM Arguments:
jvm_args: -Xmx512m -Dclassworlds.conf=D:\111\111tool\apache-maven-3.3.9\bin\..\bin\m2.conf -Dmaven.home=D:\111\111tool\apache-maven-3.3.9\bin\.. -Dmaven.multiModuleProjectDirectory=D:\system folder\Desktop\(copy)spring-boot-master 
java_command: org.codehaus.plexus.classworlds.launcher.Launcher spring-boot:run
java_class_path (initial): D:\111\111tool\apache-maven-3.3.9\bin\..\boot\plexus-classworlds-2.5.2.jar
Launcher Type: SUN_STANDARD

Environment Variables:
JAVA_HOME=D:\111\java\jdk
CLASSPATH=.;C:\Program Files (x86)\Java\jre1.8.0_73\lib
USERNAME=zhao
OS=Windows_NT
PROCESSOR_IDENTIFIER=Intel64 Family 6 Model 58 Stepping 9, GenuineIntel



---------------  S Y S T E M  ---------------

OS: Windows 8.1 , 64 bit Build 9600 (6.3.9600.17415)

CPU:total 4 (2 cores per cpu, 2 threads per core) family 6 model 58 stepping 9, cmov, cx8, fxsr, mmx, sse, sse2, sse3, ssse3, sse4.1, sse4.2, popcnt, avx, aes, clmul, erms, ht, tsc, tscinvbit, tscinv

Memory: 4k page, physical 4070680k(621692k free), swap 7216408k(5160k free)

vm_info: Java HotSpot(TM) 64-Bit Server VM (25.73-b02) for windows-amd64 JRE (1.8.0_73-b02), built on Jan 29 2016 17:38:49 by "java_re" with MS VC++ 10.0 (VS2010)

time: Thu May 05 01:10:11 2016
elapsed time: 5 seconds (0d 0h 0m 5s)

